<?xml version="1.0" encoding="UTF-8"?>
<testsuite xmlns:xsi="http://www.w3.org/2001/XMLSchema-instance" xsi:noNamespaceSchemaLocation="https://maven.apache.org/surefire/maven-surefire-plugin/xsd/surefire-test-report-3.0.xsd" version="3.0" name="Runner.TestRunner" time="9.03" tests="3" errors="0" skipped="0" failures="0">
  <properties>
[...]
</properties>
  <testcase name="Given User launch given lightweight to-do list webapp" classname="Scenario: 01. User wants to verify the to-do list webapp page" time="0.002">
    <system-out><![CDATA[@ToDoListTest
Feature: Test lightweight to-do list webapp Functionality.
]]></system-out>
    <system-err><![CDATA[Starting ChromeDriver 120.0.6099.71 (9729082fe6174c0a371fc66501f5efc5d69d3d2b-refs/branch-heads/6099_56@{#13}) on port 8666
Only local connections are allowed.
Please see https://chromedriver.chromium.org/security-considerations for suggestions on keeping ChromeDriver safe.
ChromeDriver was started successfully.
Dec 17, 2023 8:52:34 PM org.openqa.selenium.remote.ProtocolHandshake createSession
INFO: Detected dialect: W3C
]]></system-err>
  </testcase>
  <testcase name="Then Verify the webapp home page" classname="Scenario: 01. User wants to verify the to-do list webapp page" time="0.0">
    <system-out><![CDATA[Successfully verified the todo list HomePage
]]></system-out>
  </testcase>
  <testcase name="" classname="Scenario: 01. User wants to verify the to-do list webapp page" time="0.0"/>
</testsuite>